::1 - - [26/Jan/2023:14:20:40 +0500] "GET /index.php HTTP/1.1" 200 11342
::1 - - [26/Jan/2023:14:21:40 +0500] "-" 408 -
127.0.0.1 - - [26/Jan/2023:15:00:08 +0500] "POST /openserver/phpmyadmin/index.php?route=/ HTTP/1.1" 404 196
::1 - - [27/Jan/2023:15:23:24 +0500] "GET /php-oop-mysql/index.php HTTP/1.1" 200 446
::1 - - [27/Jan/2023:15:23:57 +0500] "GET /php-oop-mysql/index.php HTTP/1.1" 200 5347
::1 - - [27/Jan/2023:15:23:57 +0500] "GET /php-oop-mysql/libs/css/custom.css HTTP/1.1" 200 292
::1 - - [27/Jan/2023:15:24:02 +0500] "GET /php-oop-mysql/index.php?page=2 HTTP/1.1" 200 5469
::1 - - [27/Jan/2023:15:24:03 +0500] "GET /php-oop-mysql/index.php?page=3 HTTP/1.1" 200 5433
::1 - - [27/Jan/2023:15:24:04 +0500] "GET /php-oop-mysql/index.php?page=4 HTTP/1.1" 200 2481
::1 - - [27/Jan/2023:15:24:06 +0500] "GET /php-oop-mysql/index.php? HTTP/1.1" 200 5347
::1 - - [27/Jan/2023:15:24:08 +0500] "GET /php-oop-mysql/index.php?page=2 HTTP/1.1" 200 5469
::1 - - [27/Jan/2023:15:24:10 +0500] "GET /php-oop-mysql/index.php?page=3 HTTP/1.1" 200 5433
::1 - - [27/Jan/2023:15:24:10 +0500] "GET /php-oop-mysql/index.php?page=4 HTTP/1.1" 200 2481
::1 - - [27/Jan/2023:15:25:02 +0500] "-" 408 -
::1 - - [27/Jan/2023:16:14:25 +0500] "GET /php_oop_mysql/index.php HTTP/1.1" 404 196
::1 - - [27/Jan/2023:16:14:43 +0500] "GET /php-oop_mysql/index.php HTTP/1.1" 404 196
::1 - - [27/Jan/2023:16:14:51 +0500] "GET /php-oop-mysql/index.php HTTP/1.1" 200 5347
::1 - - [27/Jan/2023:16:14:51 +0500] "GET /php-oop-mysql/libs/css/custom.css HTTP/1.1" 304 -
::1 - - [27/Jan/2023:16:15:02 +0500] "GET /php-oop-mysql/update_product.php?id=25 HTTP/1.1" 200 2578
::1 - - [27/Jan/2023:16:15:04 +0500] "POST /php-oop-mysql/update_product.php?id=25 HTTP/1.1" 200 2670
::1 - - [27/Jan/2023:16:16:02 +0500] "-" 408 -
::1 - - [27/Jan/2023:16:38:49 +0500] "GET /php-oop-mysql/update_product.php?id=25 HTTP/1.1" 200 2578
::1 - - [27/Jan/2023:16:38:52 +0500] "GET /php-oop-mysql/read_product.php?id=25 HTTP/1.1" 200 2052
::1 - - [27/Jan/2023:16:38:52 +0500] "GET /php-oop-mysql/libs/css/custom.css HTTP/1.1" 304 -
::1 - - [27/Jan/2023:16:39:06 +0500] "GET /php-oop-mysql/index.php HTTP/1.1" 200 5347
::1 - - [27/Jan/2023:16:39:07 +0500] "GET /php-oop-mysql/read_product.php?id=12 HTTP/1.1" 200 2048
::1 - - [27/Jan/2023:16:40:06 +0500] "-" 408 -
::1 - - [28/Jan/2023:12:43:56 +0500] "GET /php-oop-mysql/index.php HTTP/1.1" 200 5347
::1 - - [28/Jan/2023:12:43:56 +0500] "GET /php-oop-mysql/libs/css/custom.css HTTP/1.1" 304 -
::1 - - [28/Jan/2023:12:44:04 +0500] "GET /php-oop-mysql/create_product.php HTTP/1.1" 200 2536
::1 - - [28/Jan/2023:12:44:17 +0500] "GET /php-oop-mysql/index.php HTTP/1.1" 200 5347
::1 - - [28/Jan/2023:12:44:22 +0500] "GET /php-oop-mysql/update_product.php?id=13 HTTP/1.1" 200 2582
::1 - - [28/Jan/2023:12:44:27 +0500] "GET /php-oop-mysql/index.php?page=3 HTTP/1.1" 200 5433
::1 - - [28/Jan/2023:12:44:28 +0500] "GET /php-oop-mysql/index.php?page=4 HTTP/1.1" 200 2481
::1 - - [28/Jan/2023:12:45:17 +0500] "-" 408 -
::1 - - [28/Jan/2023:12:57:09 +0500] "GET /php-oop-mysql/index.php?page=4 HTTP/1.1" 200 3621
::1 - - [28/Jan/2023:12:57:14 +0500] "POST /php-oop-mysql/delete_product.php HTTP/1.1" 200 30
::1 - - [28/Jan/2023:12:57:14 +0500] "GET /php-oop-mysql/index.php?page=4 HTTP/1.1" 200 2488
::1 - - [28/Jan/2023:12:57:22 +0500] "GET /php-oop-mysql/index.php?page=3 HTTP/1.1" 200 6412
::1 - - [28/Jan/2023:12:57:24 +0500] "GET /php-oop-mysql/index.php?page=2 HTTP/1.1" 200 6568
::1 - - [28/Jan/2023:12:57:25 +0500] "GET /php-oop-mysql/index.php?page=1 HTTP/1.1" 200 6487
::1 - - [28/Jan/2023:12:57:34 +0500] "GET /php-oop-mysql/create_product.php HTTP/1.1" 200 3676
::1 - - [28/Jan/2023:12:58:34 +0500] "-" 408 -
::1 - - [28/Jan/2023:12:58:37 +0500] "POST /php-oop-mysql/create_product.php HTTP/1.1" 200 1306
::1 - - [28/Jan/2023:12:59:37 +0500] "-" 408 -
::1 - - [28/Jan/2023:12:59:49 +0500] "GET /php-oop-mysql/index.php HTTP/1.1" 200 6487
::1 - - [28/Jan/2023:13:00:09 +0500] "GET /php-oop-mysql/create_product.php HTTP/1.1" 200 3676
::1 - - [28/Jan/2023:13:00:12 +0500] "POST /php-oop-mysql/create_product.php HTTP/1.1" 200 1319
::1 - - [28/Jan/2023:13:00:21 +0500] "GET /php-oop-mysql/create_product.php HTTP/1.1" 200 3676
::1 - - [28/Jan/2023:13:00:52 +0500] "POST /php-oop-mysql/create_product.php HTTP/1.1" 200 1306
::1 - - [28/Jan/2023:13:01:52 +0500] "-" 408 -
::1 - - [28/Jan/2023:16:45:12 +0500] "GET /user_password/index.php HTTP/1.1" 200 -
::1 - - [28/Jan/2023:16:46:05 +0500] "GET /user_password/index.php HTTP/1.1" 200 323
::1 - - [28/Jan/2023:16:47:05 +0500] "-" 408 -
::1 - - [28/Jan/2023:16:47:08 +0500] "GET /user_password/index.php HTTP/1.1" 200 289
::1 - - [28/Jan/2023:16:48:08 +0500] "-" 408 -
::1 - - [28/Jan/2023:16:48:48 +0500] "GET /user_password/index.php HTTP/1.1" 200 367
::1 - - [28/Jan/2023:16:49:48 +0500] "-" 408 -
::1 - - [28/Jan/2023:16:50:41 +0500] "GET /user_password/index.php HTTP/1.1" 200 692
::1 - - [28/Jan/2023:16:51:41 +0500] "-" 408 -
::1 - - [28/Jan/2023:16:52:08 +0500] "GET /user_password/index.php HTTP/1.1" 200 692
::1 - - [28/Jan/2023:16:53:08 +0500] "-" 408 -
::1 - - [28/Jan/2023:16:53:32 +0500] "GET /user_password/index.php HTTP/1.1" 200 683
::1 - - [28/Jan/2023:16:54:32 +0500] "-" 408 -
::1 - - [28/Jan/2023:16:55:01 +0500] "GET /user_password/index.php HTTP/1.1" 200 683
::1 - - [28/Jan/2023:16:56:01 +0500] "-" 408 -
::1 - - [28/Jan/2023:20:14:23 +0500] "GET /user_password/index.php HTTP/1.1" 200 180
::1 - - [29/Jan/2023:22:55:52 +0500] "GET /php_crub_oop_mysql/index.php HTTP/1.1" 200 116
::1 - - [29/Jan/2023:22:56:25 +0500] "GET /php_crub_oop_mysql/index.php HTTP/1.1" 200 878
::1 - - [29/Jan/2023:22:56:33 +0500] "GET /php_crub_oop_mysql/add.php HTTP/1.1" 200 1172
::1 - - [29/Jan/2023:22:56:36 +0500] "GET /php_crub_oop_mysql/index.php HTTP/1.1" 200 878
::1 - - [29/Jan/2023:22:56:37 +0500] "GET /php_crub_oop_mysql/add.php HTTP/1.1" 200 1172
::1 - - [29/Jan/2023:22:56:44 +0500] "POST /php_crub_oop_mysql/action.php HTTP/1.1" 302 -
::1 - - [29/Jan/2023:22:56:44 +0500] "GET /php_crub_oop_mysql/index.php HTTP/1.1" 200 1411
::1 - - [29/Jan/2023:22:57:00 +0500] "GET /php_crub_oop_mysql/edit.php?id=1 HTTP/1.1" 200 1265
::1 - - [29/Jan/2023:22:57:03 +0500] "POST /php_crub_oop_mysql/action.php HTTP/1.1" 302 -
::1 - - [29/Jan/2023:22:57:03 +0500] "GET /php_crub_oop_mysql/index.php HTTP/1.1" 200 1416
::1 - - [29/Jan/2023:22:57:07 +0500] "GET /php_crub_oop_mysql/action.php?action_type=delete&id=1 HTTP/1.1" 302 -
::1 - - [29/Jan/2023:22:57:07 +0500] "GET /php_crub_oop_mysql/index.php HTTP/1.1" 200 971
::1 - - [29/Jan/2023:22:58:00 +0500] "-" 408 -
::1 - - [30/Jan/2023:12:02:58 +0500] "OPTIONS /123_s.jpg HTTP/1.1" 200 -
::1 - - [30/Jan/2023:12:02:58 +0500] "GET /123_s.jpg HTTP/1.1" 404 196
::1 - - [30/Jan/2023:16:43:04 +0500] "GET /oop-v-php/myproject.loc/www/index.php HTTP/1.1" 200 850
::1 - - [30/Jan/2023:16:44:04 +0500] "-" 408 -
::1 - - [30/Jan/2023:16:47:37 +0500] "GET /oop-v-php/myproject.loc/www/index.php HTTP/1.1" 200 872
::1 - - [30/Jan/2023:16:48:37 +0500] "-" 408 -
::1 - - [30/Jan/2023:16:52:26 +0500] "GET /oop-v-php/myproject.loc/www/index.php HTTP/1.1" 200 1217
::1 - - [30/Jan/2023:16:52:27 +0500] "GET /styles.css HTTP/1.1" 404 196
::1 - - [30/Jan/2023:16:52:31 +0500] "GET /articles/1 HTTP/1.1" 404 196
::1 - - [30/Jan/2023:16:53:09 +0500] "GET /oop-v-php/myproject.loc/www/index.php HTTP/1.1" 200 1217
::1 - - [30/Jan/2023:16:53:09 +0500] "GET /styles.css HTTP/1.1" 404 196
::1 - - [30/Jan/2023:16:54:09 +0500] "-" 408 -
::1 - - [30/Jan/2023:16:59:05 +0500] "GET /chess HTTP/1.1" 301 231
::1 - - [30/Jan/2023:16:59:05 +0500] "GET /chess/ HTTP/1.1" 200 348
::1 - - [30/Jan/2023:16:59:14 +0500] "GET /index.php HTTP/1.1" 200 11342
::1 - - [30/Jan/2023:16:59:32 +0500] "POST /index.php HTTP/1.1" 200 11359
::1 - - [30/Jan/2023:16:59:38 +0500] "POST /index.php HTTP/1.1" 200 11370
::1 - - [30/Jan/2023:16:59:46 +0500] "POST /index.php HTTP/1.1" 200 11342
::1 - - [30/Jan/2023:17:00:08 +0500] "POST /index.php HTTP/1.1" 200 11342
::1 - - [30/Jan/2023:17:00:24 +0500] "GET /index.php HTTP/1.1" 200 11342
::1 - - [30/Jan/2023:17:00:32 +0500] "POST /index.php HTTP/1.1" 200 11342
::1 - - [30/Jan/2023:17:01:32 +0500] "-" 408 -
::1 - - [30/Jan/2023:17:02:14 +0500] "GET /oop-v-php/myproject.loc/www/index.php HTTP/1.1" 404 196
::1 - - [30/Jan/2023:17:02:52 +0500] "GET /oop-v-php/myproject.loc/www/index.php HTTP/1.1" 200 1048
::1 - - [30/Jan/2023:17:02:52 +0500] "GET /styles.css HTTP/1.1" 404 196
::1 - - [30/Jan/2023:17:03:02 +0500] "GET /articles/1 HTTP/1.1" 404 196
::1 - - [30/Jan/2023:17:03:06 +0500] "GET /articles/2 HTTP/1.1" 404 196
::1 - - [30/Jan/2023:17:03:10 +0500] "GET / HTTP/1.1" 200 11342
::1 - - [30/Jan/2023:17:03:13 +0500] "GET /about-me HTTP/1.1" 404 196
::1 - - [30/Jan/2023:17:04:02 +0500] "-" 408 -
::1 - - [30/Jan/2023:17:05:28 +0500] "GET /index.php HTTP/1.1" 200 11342
::1 - - [30/Jan/2023:17:05:58 +0500] "GET /oop-v-php/myproject.loc/www/index.php HTTP/1.1" 200 1048
::1 - - [30/Jan/2023:17:05:58 +0500] "GET /styles.css HTTP/1.1" 404 196
::1 - - [30/Jan/2023:17:06:58 +0500] "-" 408 -
::1 - - [30/Jan/2023:17:26:16 +0500] "GET /index.php HTTP/1.1" 200 11342
::1 - - [30/Jan/2023:17:27:16 +0500] "-" 408 -
::1 - - [30/Jan/2023:17:27:56 +0500] "POST /index.php HTTP/1.1" 200 11342
::1 - - [30/Jan/2023:17:28:06 +0500] "POST /index.php HTTP/1.1" 200 11342
::1 - - [30/Jan/2023:17:28:38 +0500] "POST /index.php HTTP/1.1" 200 11359
::1 - - [30/Jan/2023:17:29:27 +0500] "-" 408 -
::1 - - [30/Jan/2023:23:33:05 +0500] "GET /index.php HTTP/1.1" 200 11342
::1 - - [30/Jan/2023:23:34:05 +0500] "-" 408 -
::1 - - [31/Jan/2023:16:42:29 +0500] "GET /php_crub_oop_mysql/index.php HTTP/1.1" 200 878
::1 - - [31/Jan/2023:16:43:29 +0500] "-" 408 -
::1 - - [31/Jan/2023:16:53:14 +0500] "GET /php-new/index.php HTTP/1.1" 200 417
::1 - - [31/Jan/2023:16:54:03 +0500] "GET /php-new/index.php HTTP/1.1" 200 419
::1 - - [31/Jan/2023:16:55:04 +0500] "-" 408 -
::1 - - [31/Jan/2023:16:55:30 +0500] "GET /php-new/index.php HTTP/1.1" 200 575
::1 - - [31/Jan/2023:16:56:25 +0500] "GET /php-new/index.php HTTP/1.1" 200 454
::1 - - [31/Jan/2023:17:00:54 +0500] "GET /php-new/index.php HTTP/1.1" 200 454
::1 - - [31/Jan/2023:17:00:57 +0500] "GET /php-new/index.php HTTP/1.1" 200 454
::1 - - [31/Jan/2023:17:01:21 +0500] "GET /php-new/index.php HTTP/1.1" 200 25
::1 - - [31/Jan/2023:17:02:21 +0500] "-" 408 -
::1 - - [31/Jan/2023:17:03:15 +0500] "GET /php-new/index.php HTTP/1.1" 200 25
::1 - - [31/Jan/2023:17:03:20 +0500] "GET /php-new/index.php HTTP/1.1" 200 167
::1 - - [31/Jan/2023:17:04:20 +0500] "-" 408 -
::1 - - [31/Jan/2023:17:04:28 +0500] "GET /php-new/index.php HTTP/1.1" 200 557
::1 - - [31/Jan/2023:17:04:48 +0500] "GET /php-new/index.php HTTP/1.1" 200 167
::1 - - [31/Jan/2023:17:05:48 +0500] "-" 408 -
::1 - - [31/Jan/2023:17:11:00 +0500] "GET /php-new/index.php HTTP/1.1" 200 572
::1 - - [31/Jan/2023:17:11:23 +0500] "GET /php-new/index.php HTTP/1.1" 200 167
::1 - - [31/Jan/2023:17:12:23 +0500] "-" 408 -
::1 - - [31/Jan/2023:17:14:08 +0500] "GET /php-new/index.php HTTP/1.1" 200 167
::1 - - [31/Jan/2023:17:14:11 +0500] "GET /php-new/index.php HTTP/1.1" 200 167
::1 - - [31/Jan/2023:17:15:08 +0500] "-" 408 -
::1 - - [31/Jan/2023:17:18:20 +0500] "GET /php-new/index.php HTTP/1.1" 200 483
::1 - - [31/Jan/2023:17:19:20 +0500] "-" 408 -
::1 - - [31/Jan/2023:17:20:47 +0500] "GET /php-new/index.php HTTP/1.1" 200 483
::1 - - [31/Jan/2023:17:21:47 +0500] "-" 408 -
::1 - - [31/Jan/2023:17:24:56 +0500] "GET /php-new/index.php HTTP/1.1" 200 466
::1 - - [31/Jan/2023:17:25:56 +0500] "-" 408 -
::1 - - [31/Jan/2023:17:27:15 +0500] "GET /php-new/index.php HTTP/1.1" 200 659
::1 - - [31/Jan/2023:17:28:15 +0500] "-" 408 -
::1 - - [31/Jan/2023:17:28:21 +0500] "GET /php-new/index.php HTTP/1.1" 200 661
::1 - - [31/Jan/2023:17:28:28 +0500] "GET /php-new/index.php HTTP/1.1" 200 661
::1 - - [31/Jan/2023:17:29:28 +0500] "-" 408 -
::1 - - [31/Jan/2023:17:37:16 +0500] "GET /php-new/index.php HTTP/1.1" 200 661
::1 - - [31/Jan/2023:17:38:16 +0500] "-" 408 -
::1 - - [31/Jan/2023:17:41:43 +0500] "GET /php-new/index.php HTTP/1.1" 200 481
::1 - - [31/Jan/2023:17:42:43 +0500] "-" 408 -
::1 - - [31/Jan/2023:17:44:56 +0500] "GET /php-new/index.php HTTP/1.1" 200 167
::1 - - [31/Jan/2023:17:45:56 +0500] "-" 408 -
::1 - - [31/Jan/2023:17:47:48 +0500] "GET /php-new/index.php HTTP/1.1" 200 167
::1 - - [31/Jan/2023:17:48:48 +0500] "-" 408 -
::1 - - [31/Jan/2023:17:49:10 +0500] "GET /php-new/index.php HTTP/1.1" 200 172
::1 - - [31/Jan/2023:17:50:10 +0500] "-" 408 -
::1 - - [31/Jan/2023:18:09:39 +0500] "GET /php-new/index.php HTTP/1.1" 200 172
::1 - - [31/Jan/2023:18:10:39 +0500] "-" 408 -
::1 - - [31/Jan/2023:18:12:40 +0500] "GET /php-new/index.php HTTP/1.1" 200 172
::1 - - [31/Jan/2023:18:12:42 +0500] "GET /php-new/index.php HTTP/1.1" 200 172
::1 - - [31/Jan/2023:18:13:40 +0500] "-" 408 -
::1 - - [31/Jan/2023:18:15:39 +0500] "GET /php-new/index.php HTTP/1.1" 200 3259
::1 - - [31/Jan/2023:18:16:11 +0500] "GET /php-new/index.php HTTP/1.1" 200 81
::1 - - [31/Jan/2023:18:16:22 +0500] "GET /php-new/index.php HTTP/1.1" 200 85
::1 - - [31/Jan/2023:22:57:52 +0500] "GET /php-new/index.php HTTP/1.1" 200 120
::1 - - [31/Jan/2023:22:58:07 +0500] "GET /php-new/index.php HTTP/1.1" 200 183
::1 - - [31/Jan/2023:22:59:07 +0500] "-" 408 -
::1 - - [31/Jan/2023:23:01:20 +0500] "GET /php-new/index.php HTTP/1.1" 200 600
::1 - - [31/Jan/2023:23:01:56 +0500] "GET /php-new/index.php HTTP/1.1" 200 671
::1 - - [31/Jan/2023:23:02:56 +0500] "-" 408 -
::1 - - [31/Jan/2023:23:03:28 +0500] "GET /php-new/index.php HTTP/1.1" 200 686
::1 - - [31/Jan/2023:23:03:45 +0500] "GET /php-new/index.php HTTP/1.1" 200 698
::1 - - [31/Jan/2023:23:04:45 +0500] "-" 408 -
::1 - - [31/Jan/2023:23:04:52 +0500] "GET /php-new/index.php HTTP/1.1" 200 709
::1 - - [31/Jan/2023:23:05:52 +0500] "-" 408 -
::1 - - [31/Jan/2023:23:07:58 +0500] "GET /php-new/index.php HTTP/1.1" 200 717
::1 - - [31/Jan/2023:23:08:58 +0500] "-" 408 -
::1 - - [31/Jan/2023:23:11:22 +0500] "GET /php-new/index.php HTTP/1.1" 200 260
::1 - - [31/Jan/2023:23:11:36 +0500] "GET /php-new/index.php HTTP/1.1" 200 270
::1 - - [31/Jan/2023:23:11:52 +0500] "GET /php-new/index.php HTTP/1.1" 200 281
::1 - - [31/Jan/2023:23:11:55 +0500] "GET /php-new/index.php HTTP/1.1" 200 291
::1 - - [31/Jan/2023:23:12:52 +0500] "-" 408 -
::1 - - [31/Jan/2023:23:13:50 +0500] "GET /php-new/index.php HTTP/1.1" 200 302
::1 - - [31/Jan/2023:23:13:51 +0500] "GET /php-new/index.php HTTP/1.1" 200 313
::1 - - [31/Jan/2023:23:14:50 +0500] "-" 408 -
::1 - - [31/Jan/2023:23:18:04 +0500] "GET /php-new/index.php HTTP/1.1" 200 324
::1 - - [31/Jan/2023:23:18:07 +0500] "GET /php-new/index.php HTTP/1.1" 200 334
::1 - - [31/Jan/2023:23:19:04 +0500] "-" 408 -
::1 - - [31/Jan/2023:23:19:27 +0500] "GET /php-new/index.php HTTP/1.1" 200 345
::1 - - [31/Jan/2023:23:20:27 +0500] "-" 408 -
::1 - - [31/Jan/2023:23:20:42 +0500] "GET /php-new/index.php HTTP/1.1" 200 356
::1 - - [31/Jan/2023:23:21:42 +0500] "-" 408 -
::1 - - [31/Jan/2023:23:22:02 +0500] "GET /php-new/index.php HTTP/1.1" 200 367
::1 - - [31/Jan/2023:23:22:39 +0500] "GET /php-new/index.php HTTP/1.1" 200 381
::1 - - [31/Jan/2023:23:23:32 +0500] "GET /php-new/index.php HTTP/1.1" 200 395
::1 - - [31/Jan/2023:23:24:32 +0500] "-" 408 -
::1 - - [31/Jan/2023:23:26:24 +0500] "GET /php-new/index.php HTTP/1.1" 200 432
::1 - - [31/Jan/2023:23:26:27 +0500] "GET /php-new/index.php HTTP/1.1" 200 433
::1 - - [31/Jan/2023:23:27:24 +0500] "-" 408 -
::1 - - [31/Jan/2023:23:30:43 +0500] "GET /php-new/index.php HTTP/1.1" 200 339
::1 - - [31/Jan/2023:23:31:43 +0500] "-" 408 -
::1 - - [31/Jan/2023:23:32:05 +0500] "GET /php-new/index.php HTTP/1.1" 200 339
::1 - - [31/Jan/2023:23:32:06 +0500] "GET /php-new/index.php HTTP/1.1" 200 339
::1 - - [31/Jan/2023:23:33:05 +0500] "-" 408 -
::1 - - [01/Feb/2023:11:13:08 +0500] "GET /php-new/index.php HTTP/1.1" 200 339
::1 - - [01/Feb/2023:11:14:08 +0500] "-" 408 -
::1 - - [01/Feb/2023:11:19:11 +0500] "GET /php-new/index.php HTTP/1.1" 200 259
::1 - - [01/Feb/2023:11:20:05 +0500] "GET /php-new/index.php HTTP/1.1" 200 444
::1 - - [01/Feb/2023:11:21:05 +0500] "-" 408 -
::1 - - [01/Feb/2023:11:24:49 +0500] "GET /php-new/index.php HTTP/1.1" 200 455
::1 - - [01/Feb/2023:11:24:54 +0500] "GET /php-new/index.php HTTP/1.1" 200 466
::1 - - [01/Feb/2023:11:25:31 +0500] "GET /php-new/index.php HTTP/1.1" 200 565
::1 - - [01/Feb/2023:11:26:11 +0500] "GET /php-new/index.php HTTP/1.1" 200 477
::1 - - [01/Feb/2023:11:27:11 +0500] "-" 408 -
::1 - - [01/Feb/2023:11:28:53 +0500] "GET /php-new/index.php HTTP/1.1" 200 488
::1 - - [01/Feb/2023:11:28:56 +0500] "GET /php-new/index.php HTTP/1.1" 200 499
::1 - - [01/Feb/2023:11:29:53 +0500] "-" 408 -
::1 - - [01/Feb/2023:11:44:52 +0500] "GET /php-new/index.php HTTP/1.1" 200 227
::1 - - [01/Feb/2023:11:45:34 +0500] "GET /php-new/index.php HTTP/1.1" 200 297
::1 - - [01/Feb/2023:11:46:15 +0500] "GET /php-new/index.php HTTP/1.1" 200 663
::1 - - [01/Feb/2023:11:46:44 +0500] "GET /php-new/index.php HTTP/1.1" 200 486
::1 - - [01/Feb/2023:11:47:44 +0500] "-" 408 -
::1 - - [01/Feb/2023:11:54:43 +0500] "GET /php-new/index.php HTTP/1.1" 200 7863
::1 - - [01/Feb/2023:11:55:43 +0500] "-" 408 -
::1 - - [01/Feb/2023:11:56:24 +0500] "GET /php-new/index.php HTTP/1.1" 200 240
::1 - - [01/Feb/2023:11:57:24 +0500] "-" 408 -
::1 - - [01/Feb/2023:12:01:54 +0500] "GET /php-new/index.php HTTP/1.1" 200 467
::1 - - [01/Feb/2023:12:02:54 +0500] "-" 408 -
::1 - - [01/Feb/2023:12:38:26 +0500] "GET /php-new/index.php HTTP/1.1" 200 31
::1 - - [01/Feb/2023:12:39:08 +0500] "GET /php-new/index.php HTTP/1.1" 200 31
::1 - - [01/Feb/2023:12:39:09 +0500] "GET /php-new/index.php HTTP/1.1" 200 31
::1 - - [01/Feb/2023:12:39:41 +0500] "GET /php-new/index.php HTTP/1.1" 200 480
::1 - - [01/Feb/2023:12:40:41 +0500] "-" 408 -
::1 - - [01/Feb/2023:12:45:44 +0500] "GET /php-new/index.php HTTP/1.1" 200 498
::1 - - [01/Feb/2023:12:45:49 +0500] "GET /php-new/index.php HTTP/1.1" 200 484
::1 - - [01/Feb/2023:12:46:18 +0500] "GET /php-new/index.php HTTP/1.1" 200 765
::1 - - [01/Feb/2023:12:47:18 +0500] "GET /php-new/index.php HTTP/1.1" 200 489
::1 - - [01/Feb/2023:12:47:28 +0500] "GET /php-new/index.php HTTP/1.1" 200 489
::1 - - [01/Feb/2023:12:47:33 +0500] "GET /php-new/index.php HTTP/1.1" 200 480
::1 - - [01/Feb/2023:12:48:28 +0500] "-" 408 -
::1 - - [01/Feb/2023:12:52:36 +0500] "GET /php-new/index.php HTTP/1.1" 200 498
::1 - - [01/Feb/2023:12:52:43 +0500] "GET /php-new/index.php HTTP/1.1" 200 509
::1 - - [01/Feb/2023:12:52:46 +0500] "GET /php-new/index.php HTTP/1.1" 200 520
::1 - - [01/Feb/2023:12:53:43 +0500] "-" 408 -
::1 - - [01/Feb/2023:12:55:23 +0500] "GET /php-new/index.php HTTP/1.1" 200 547
::1 - - [01/Feb/2023:12:55:26 +0500] "GET /php-new/index.php HTTP/1.1" 200 823
::1 - - [01/Feb/2023:12:55:46 +0500] "GET /php-new/index.php HTTP/1.1" 200 557
::1 - - [01/Feb/2023:12:55:49 +0500] "GET /php-new/index.php HTTP/1.1" 200 557
::1 - - [01/Feb/2023:12:56:46 +0500] "-" 408 -
::1 - - [01/Feb/2023:13:30:49 +0500] "GET /index.php HTTP/1.1" 200 11342
::1 - - [01/Feb/2023:13:30:54 +0500] "POST /index.php HTTP/1.1" 200 11359
::1 - - [01/Feb/2023:13:30:57 +0500] "POST /index.php HTTP/1.1" 200 11369
::1 - - [01/Feb/2023:13:31:23 +0500] "GET /php-new/index.php HTTP/1.1" 404 196
::1 - - [01/Feb/2023:13:32:23 +0500] "-" 408 -
::1 - - [02/Feb/2023:11:58:26 +0500] "GET /index.php HTTP/1.1" 200 2678
::1 - - [02/Feb/2023:12:01:59 +0500] "GET /index.php HTTP/1.1" 200 2588
::1 - - [02/Feb/2023:12:03:06 +0500] "GET /index.php HTTP/1.1" 200 2222
::1 - - [02/Feb/2023:12:04:20 +0500] "GET /index.php HTTP/1.1" 200 2236
::1 - - [02/Feb/2023:12:04:58 +0500] "GET /index.php HTTP/1.1" 200 2236
::1 - - [02/Feb/2023:12:05:43 +0500] "GET /index.php HTTP/1.1" 200 2236
::1 - - [02/Feb/2023:12:05:57 +0500] "GET /index.php HTTP/1.1" 200 2236
::1 - - [02/Feb/2023:12:07:05 +0500] "GET /index.php HTTP/1.1" 200 2341
::1 - - [02/Feb/2023:12:07:58 +0500] "GET /index.php HTTP/1.1" 200 2568
::1 - - [02/Feb/2023:12:08:58 +0500] "-" 408 -
::1 - - [02/Feb/2023:12:09:10 +0500] "GET /index.php HTTP/1.1" 200 2097
::1 - - [02/Feb/2023:12:09:54 +0500] "GET /index.php HTTP/1.1" 200 2757
::1 - - [02/Feb/2023:12:10:55 +0500] "-" 408 -
::1 - - [02/Feb/2023:12:23:30 +0500] "GET /index.php HTTP/1.1" 200 2575
::1 - - [02/Feb/2023:12:24:30 +0500] "-" 408 -
::1 - - [02/Feb/2023:12:25:02 +0500] "GET /index.php HTTP/1.1" 200 2575
::1 - - [02/Feb/2023:12:26:02 +0500] "-" 408 -
::1 - - [02/Feb/2023:12:26:13 +0500] "GET /index.php HTTP/1.1" 200 2575
::1 - - [02/Feb/2023:12:27:13 +0500] "-" 408 -
::1 - - [02/Feb/2023:12:27:46 +0500] "GET /index.php HTTP/1.1" 200 3009
::1 - - [02/Feb/2023:12:28:46 +0500] "-" 408 -
::1 - - [02/Feb/2023:12:29:28 +0500] "GET /index.php HTTP/1.1" 200 11342
::1 - - [02/Feb/2023:12:29:33 +0500] "GET /index.php HTTP/1.1" 200 11342
::1 - - [02/Feb/2023:12:29:35 +0500] "GET /index.php HTTP/1.1" 200 11342
::1 - - [02/Feb/2023:12:30:28 +0500] "-" 408 -
::1 - - [02/Feb/2023:12:44:54 +0500] "GET /index.php HTTP/1.1" 200 11342
::1 - - [02/Feb/2023:12:44:57 +0500] "GET /index.php HTTP/1.1" 200 11342
::1 - - [02/Feb/2023:12:45:54 +0500] "-" 408 -
::1 - - [02/Feb/2023:16:42:31 +0500] "GET /index.php HTTP/1.1" 200 11342
::1 - - [02/Feb/2023:16:42:36 +0500] "POST /index.php HTTP/1.1" 200 2386
::1 - - [02/Feb/2023:16:43:12 +0500] "GET /index.php HTTP/1.1" 200 11342
::1 - - [02/Feb/2023:16:43:20 +0500] "POST /index.php HTTP/1.1" 200 13311
::1 - - [02/Feb/2023:16:44:20 +0500] "-" 408 -
::1 - - [02/Feb/2023:16:45:00 +0500] "GET /index.php HTTP/1.1" 200 11342
::1 - - [02/Feb/2023:16:45:04 +0500] "POST /index.php HTTP/1.1" 200 11359
::1 - - [02/Feb/2023:16:45:10 +0500] "POST /index.php HTTP/1.1" 200 11359
::1 - - [02/Feb/2023:16:45:15 +0500] "POST /index.php HTTP/1.1" 200 11349
::1 - - [02/Feb/2023:16:45:21 +0500] "POST /index.php HTTP/1.1" 200 11370
::1 - - [02/Feb/2023:16:45:27 +0500] "POST /index.php HTTP/1.1" 200 11349
::1 - - [02/Feb/2023:16:45:35 +0500] "POST /index.php HTTP/1.1" 200 11348
::1 - - [02/Feb/2023:16:45:42 +0500] "POST /index.php HTTP/1.1" 200 11369
::1 - - [02/Feb/2023:16:45:51 +0500] "POST /index.php HTTP/1.1" 200 3125
::1 - - [02/Feb/2023:16:46:51 +0500] "-" 408 -
::1 - - [02/Feb/2023:16:54:26 +0500] "GET /index.php HTTP/1.1" 200 11456
::1 - - [02/Feb/2023:16:55:26 +0500] "-" 408 -
::1 - - [02/Feb/2023:16:56:45 +0500] "GET /index.php HTTP/1.1" 200 11456
::1 - - [02/Feb/2023:16:56:48 +0500] "GET /index.php HTTP/1.1" 200 11456
::1 - - [02/Feb/2023:16:57:45 +0500] "-" 408 -
::1 - - [02/Feb/2023:16:58:25 +0500] "GET /index.php HTTP/1.1" 200 11456
::1 - - [02/Feb/2023:16:58:46 +0500] "GET /index.php HTTP/1.1" 200 11815
::1 - - [02/Feb/2023:16:59:46 +0500] "-" 408 -
::1 - - [02/Feb/2023:17:00:05 +0500] "GET /index.php HTTP/1.1" 200 11948
::1 - - [02/Feb/2023:17:00:26 +0500] "GET /index.php HTTP/1.1" 200 11589
::1 - - [02/Feb/2023:17:01:26 +0500] "-" 408 -
::1 - - [02/Feb/2023:17:09:05 +0500] "GET /index.php HTTP/1.1" 200 11637
::1 - - [02/Feb/2023:17:10:05 +0500] "-" 408 -
::1 - - [02/Feb/2023:17:10:10 +0500] "GET /index.php HTTP/1.1" 200 11641
::1 - - [02/Feb/2023:17:10:21 +0500] "GET /index.php HTTP/1.1" 200 11644
::1 - - [02/Feb/2023:17:11:01 +0500] "GET /index.php HTTP/1.1" 200 11644
::1 - - [02/Feb/2023:17:11:07 +0500] "GET /index.php HTTP/1.1" 200 11342
::1 - - [02/Feb/2023:17:11:11 +0500] "POST /index.php HTTP/1.1" 200 11359
::1 - - [02/Feb/2023:17:11:22 +0500] "POST /index.php HTTP/1.1" 200 3132
::1 - - [02/Feb/2023:17:12:22 +0500] "-" 408 -
::1 - - [02/Feb/2023:17:16:52 +0500] "GET /index.php HTTP/1.1" 200 2472
::1 - - [02/Feb/2023:17:17:52 +0500] "-" 408 -
::1 - - [02/Feb/2023:17:23:02 +0500] "GET /index.php HTTP/1.1" 200 2342
::1 - - [02/Feb/2023:17:23:38 +0500] "GET /index.php HTTP/1.1" 200 2342
::1 - - [02/Feb/2023:17:23:49 +0500] "GET /index.php HTTP/1.1" 200 2342
::1 - - [02/Feb/2023:17:24:17 +0500] "GET /index.php HTTP/1.1" 200 11486
::1 - - [02/Feb/2023:17:24:36 +0500] "GET /index.php HTTP/1.1" 200 11403
::1 - - [02/Feb/2023:17:25:21 +0500] "GET /index.php HTTP/1.1" 200 11342
::1 - - [02/Feb/2023:17:25:25 +0500] "POST /index.php HTTP/1.1" 200 11359
::1 - - [02/Feb/2023:17:25:42 +0500] "POST /index.php HTTP/1.1" 200 3132
::1 - - [02/Feb/2023:17:26:11 +0500] "POST /index.php HTTP/1.1" 200 11370
::1 - - [02/Feb/2023:17:26:19 +0500] "POST /index.php HTTP/1.1" 200 3125
::1 - - [02/Feb/2023:17:26:42 +0500] "GET /index.php HTTP/1.1" 200 2294
::1 - - [02/Feb/2023:17:27:42 +0500] "-" 408 -
::1 - - [02/Feb/2023:17:34:00 +0500] "GET /index.php HTTP/1.1" 200 11342
::1 - - [02/Feb/2023:17:34:13 +0500] "POST /index.php HTTP/1.1" 200 3132
::1 - - [02/Feb/2023:17:35:13 +0500] "-" 408 -
::1 - - [02/Feb/2023:17:35:33 +0500] "GET /index.php HTTP/1.1" 200 11342
::1 - - [02/Feb/2023:17:36:00 +0500] "POST /index.php HTTP/1.1" 200 11349
::1 - - [02/Feb/2023:17:36:09 +0500] "POST /index.php HTTP/1.1" 200 11359
::1 - - [02/Feb/2023:17:36:54 +0500] "GET /index.php HTTP/1.1" 200 11342
::1 - - [02/Feb/2023:17:36:57 +0500] "GET /index.php HTTP/1.1" 200 11342
::1 - - [02/Feb/2023:17:37:54 +0500] "-" 408 -
::1 - - [02/Feb/2023:17:44:26 +0500] "GET /index.php HTTP/1.1" 200 11342
::1 - - [02/Feb/2023:17:44:33 +0500] "POST /index.php HTTP/1.1" 200 3132
::1 - - [02/Feb/2023:17:51:50 +0500] "GET /index.php HTTP/1.1" 200 11565
::1 - - [02/Feb/2023:17:52:15 +0500] "GET /index.php HTTP/1.1" 200 11619
::1 - - [02/Feb/2023:17:52:42 +0500] "GET /index.php HTTP/1.1" 200 11399
::1 - - [02/Feb/2023:17:53:37 +0500] "GET /index.php HTTP/1.1" 200 11345
::1 - - [02/Feb/2023:17:54:37 +0500] "-" 408 -
::1 - - [02/Feb/2023:18:12:49 +0500] "GET /index.php HTTP/1.1" 200 11342
::1 - - [02/Feb/2023:18:12:55 +0500] "POST /index.php HTTP/1.1" 200 11342
::1 - - [02/Feb/2023:18:13:06 +0500] "POST /index.php HTTP/1.1" 200 11342
::1 - - [02/Feb/2023:18:13:20 +0500] "POST /index.php HTTP/1.1" 200 11342
::1 - - [02/Feb/2023:18:13:39 +0500] "POST /index.php HTTP/1.1" 200 11342
::1 - - [02/Feb/2023:18:13:51 +0500] "POST /index.php HTTP/1.1" 200 11392
::1 - - [02/Feb/2023:18:14:00 +0500] "POST /index.php HTTP/1.1" 200 11342
::1 - - [02/Feb/2023:18:14:08 +0500] "POST /index.php HTTP/1.1" 200 11342
::1 - - [02/Feb/2023:18:14:16 +0500] "POST /index.php HTTP/1.1" 200 11379
::1 - - [02/Feb/2023:18:14:20 +0500] "POST /index.php HTTP/1.1" 200 11562
::1 - - [02/Feb/2023:18:14:36 +0500] "POST /index.php HTTP/1.1" 200 11342
::1 - - [02/Feb/2023:18:14:47 +0500] "POST /index.php HTTP/1.1" 200 11342
::1 - - [02/Feb/2023:18:15:19 +0500] "GET /index.php HTTP/1.1" 200 11342
::1 - - [02/Feb/2023:18:16:19 +0500] "-" 408 -
::1 - - [02/Feb/2023:18:17:27 +0500] "POST /index.php HTTP/1.1" 200 11342
::1 - - [02/Feb/2023:18:17:35 +0500] "POST /index.php HTTP/1.1" 200 11342
::1 - - [02/Feb/2023:18:18:07 +0500] "POST /index.php HTTP/1.1" 200 11342
::1 - - [02/Feb/2023:18:19:07 +0500] "-" 408 -
::1 - - [02/Feb/2023:18:20:38 +0500] "POST /index.php HTTP/1.1" 200 11342
::1 - - [02/Feb/2023:18:21:38 +0500] "-" 408 -
::1 - - [06/Mar/2023:18:11:39 +0500] "GET / HTTP/1.1" 200 11342
::1 - - [06/Mar/2023:18:11:41 +0500] "GET /favicon.ico HTTP/1.1" 404 196
::1 - - [06/Mar/2023:18:11:55 +0500] "GET /index.php HTTP/1.1" 200 11342
::1 - - [06/Mar/2023:18:12:00 +0500] "GET / HTTP/1.1" 200 11342
::1 - - [06/Mar/2023:18:12:55 +0500] "-" 408 -
::1 - - [13/Mar/2023:17:27:01 +0500] "GET /8876 HTTP/1.1" 404 196
::1 - - [13/Mar/2023:17:27:01 +0500] "GET /favicon.ico HTTP/1.1" 404 196
::1 - - [11/Apr/2023:12:31:42 +0500] "GET /admin HTTP/1.1" 404 196
::1 - - [11/Apr/2023:12:31:42 +0500] "GET /favicon.ico HTTP/1.1" 404 196
::1 - - [11/Apr/2023:12:32:42 +0500] "-" 408 -
::1 - - [11/Apr/2023:12:34:36 +0500] "GET /index.php HTTP/1.1" 200 11342
::1 - - [11/Apr/2023:12:35:16 +0500] "POST /index.php HTTP/1.1" 200 11342
::1 - - [11/Apr/2023:12:35:33 +0500] "POST /index.php HTTP/1.1" 200 11342
